Using pre-set license

 COMMAND LINE ARGUMENTS:
/Applications/Unity/Hub/Editor/2020.2.7f1/Unity.app/Contents/MacOS/Unity
-adb2
-batchMode
-noUpm
-name
AssetImportWorker0
-projectPath
/Users/tsutaemami/Desktop/LiT!/Unity/課題/BeeLife
-logFile
Logs/AssetImportWorker0.log
-srvPort
65467
Successfully changed project path to: /Users/tsutaemami/Desktop/LiT!/Unity/課題/BeeLife
/Users/tsutaemami/Desktop/LiT!/Unity/課題/BeeLife
Using Asset Import Pipeline V2.
Refreshing native plugins compatible for Editor in 49.09 ms, found 2 plugins.
Preloading 0 native plugins for Editor in 0.00 ms.
Initialize engine version: 2020.2.7f1 (c53830e277f1)
[Subsystems] Discovering subsystems at path /Applications/Unity/Hub/Editor/2020.2.7f1/Unity.app/Contents/Resources/UnitySubsystems
[Subsystems] Discovering subsystems at path /Users/tsutaemami/Desktop/LiT!/Unity/課題/BeeLife/Assets
GfxDevice: creating device client; threaded=0
2022-06-12 23:13:12.836 Unity[60348:4067723] (null) preferred device: Apple M1 Pro (high power)
2022-06-12 23:13:12.836 Unity[60348:4067723] Metal devices available: 1
2022-06-12 23:13:12.836 Unity[60348:4067723] 0: Apple M1 Pro (high power)
2022-06-12 23:13:12.837 Unity[60348:4067723] Using device Apple M1 Pro (high power)
Initializing Metal device caps: Apple M1 Pro
Initialize mono
Mono path[0] = '/Applications/Unity/Hub/Editor/2020.2.7f1/Unity.app/Contents/Managed'
Mono path[1] = '/Applications/Unity/Hub/Editor/2020.2.7f1/Unity.app/Contents/MonoBleedingEdge/lib/mono/unityjit'
Mono config path = '/Applications/Unity/Hub/Editor/2020.2.7f1/Unity.app/Contents/MonoBleedingEdge/etc'
Using monoOptions --debugger-agent=transport=dt_socket,embedding=1,server=y,suspend=n,address=127.0.0.1:56348
Begin MonoManager ReloadAssembly
Registering precompiled unity dll's ...
Register platform support module: /Applications/Unity/Hub/Editor/2020.2.7f1/PlaybackEngines/WebGLSupport/UnityEditor.WebGL.Extensions.dll
Register platform support module: /Applications/Unity/Hub/Editor/2020.2.7f1/Unity.app/Contents/PlaybackEngines/MacStandaloneSupport/UnityEditor.OSXStandalone.Extensions.dll
Registered in 0.002801 seconds.
Native extension for OSXStandalone target not found
Native extension for WebGL target not found
Refreshing native plugins compatible for Editor in 46.08 ms, found 2 plugins.
Preloading 0 native plugins for Editor in 0.00 ms.
Invoked RoslynAnalysisRunner static constructor.
RoslynAnalysisRunner will not be running.
RoslynAnalysisRunner has terminated.
Mono: successfully reloaded assembly
- Completed reload, in  2.647 seconds
Platform modules already initialized, skipping
Registering precompiled user dll's ...
Registered in 0.001805 seconds.
Begin MonoManager ReloadAssembly
Native extension for OSXStandalone target not found
Native extension for WebGL target not found
Refreshing native plugins compatible for Editor in 47.95 ms, found 2 plugins.
Preloading 0 native plugins for Editor in 0.00 ms.
Invoked RoslynAnalysisRunner static constructor.
RoslynAnalysisRunner will not be running.
RoslynAnalysisRunner has terminated.
Mono: successfully reloaded assembly
- Completed reload, in  2.233 seconds
Platform modules already initialized, skipping
========================================================================
Worker process is ready to serve import requests
Launching external process: /Applications/Unity/Hub/Editor/2020.2.7f1/Unity.app/Contents/Tools/UnityShaderCompiler
Launched and connected shader compiler UnityShaderCompiler after 0.04 seconds
Refreshing native plugins compatible for Editor in 0.41 ms, found 2 plugins.
Preloading 0 native plugins for Editor in 0.00 ms.
Unloading 1815 Unused Serialized files (Serialized files now loaded: 0)
System memory in use before: 149.0 MB.
System memory in use after: 149.0 MB.

Unloading 24 unused Assets to reduce memory usage. Loaded Objects now: 2262.
Total: 1.942583 ms (FindLiveObjects: 0.219250 ms CreateObjectMapping: 0.048708 ms MarkObjects: 1.516417 ms  DeleteObjects: 0.155667 ms)

========================================================================
Received Import Request.
  path: Assets/UnityMaker/Fonts/slkscrb.ttf
  artifactKey: Guid(025dd04cabfc64bfc8094b98f02d2774) Importer(815301076,1909f56bfc062723c751e8b465ee728b)
Start importing Assets/UnityMaker/Fonts/slkscrb.ttf using Guid(025dd04cabfc64bfc8094b98f02d2774) Importer(815301076,1909f56bfc062723c751e8b465ee728b)  -> (artifact id: 'c2a8afabe0a3115b4548c96166168a4e') in 1.510803 seconds
  Import took 1.514917 seconds .

========================================================================
Received Import Request.
  Time since last request: 258.202539 seconds.
  path: Assets/TextMesh Pro/Fonts/LiberationSans.ttf
  artifactKey: Guid(e3265ab4bf004d28a9537516768c1c75) Importer(815301076,1909f56bfc062723c751e8b465ee728b)
Start importing Assets/TextMesh Pro/Fonts/LiberationSans.ttf using Guid(e3265ab4bf004d28a9537516768c1c75) Importer(815301076,1909f56bfc062723c751e8b465ee728b)  -> (artifact id: '0f34a240f366a13324c3fb81e2282b25') in 0.032174 seconds
  Import took 0.037140 seconds .

========================================================================
Received Import Request.
  Time since last request: 0.018426 seconds.
  path: Assets/TextMesh Pro/Fonts/LiberationSans.ttf
  artifactKey: Guid(e3265ab4bf004d28a9537516768c1c75) Importer(815301076,1909f56bfc062723c751e8b465ee728b)
Start importing Assets/TextMesh Pro/Fonts/LiberationSans.ttf using Guid(e3265ab4bf004d28a9537516768c1c75) Importer(815301076,1909f56bfc062723c751e8b465ee728b)  -> (artifact id: '0f34a240f366a13324c3fb81e2282b25') in 0.010568 seconds
  Import took 0.014181 seconds .

========================================================================
Received Import Request.
  Time since last request: 18.117273 seconds.
  path: Assets/mamelon_hireg
  artifactKey: Guid(8d5ce34608959437d88b8d90f2129b59) Importer(815301076,1909f56bfc062723c751e8b465ee728b)
Start importing Assets/mamelon_hireg using Guid(8d5ce34608959437d88b8d90f2129b59) Importer(815301076,1909f56bfc062723c751e8b465ee728b)  -> (artifact id: '580ede6c7611cbb56aa570e375057d01') in 0.003640 seconds
  Import took 0.007387 seconds .

========================================================================
Received Import Request.
  Time since last request: 4.506623 seconds.
  path: Assets/mamelon_hireg/Mamelon-3-Hi-Regular.otf
  artifactKey: Guid(354fcfcf1561641a3a20d52022839423) Importer(815301076,1909f56bfc062723c751e8b465ee728b)
Start importing Assets/mamelon_hireg/Mamelon-3-Hi-Regular.otf using Guid(354fcfcf1561641a3a20d52022839423) Importer(815301076,1909f56bfc062723c751e8b465ee728b)  -> (artifact id: 'fce89ab0dd0828b82b2e62cb7706fa24') in 1.283471 seconds
  Import took 1.289648 seconds .

========================================================================
Received Import Request.
  Time since last request: 0.000238 seconds.
  path: Assets/mamelon_hireg/Mamelon-5-Hi-Regular.otf
  artifactKey: Guid(63c531181a99d403e8f623290c463315) Importer(815301076,1909f56bfc062723c751e8b465ee728b)
Start importing Assets/mamelon_hireg/Mamelon-5-Hi-Regular.otf using Guid(63c531181a99d403e8f623290c463315) Importer(815301076,1909f56bfc062723c751e8b465ee728b)  -> (artifact id: 'b4958697eb24444b22a7907ca4a55873') in 0.012887 seconds
  Import took 0.016013 seconds .

========================================================================
Received Import Request.
  Time since last request: 0.000219 seconds.
  path: Assets/mamelon_hireg/Mamelon-4-Hi-Regular.otf
  artifactKey: Guid(49cdde033aae74827a46ed5b6e544785) Importer(815301076,1909f56bfc062723c751e8b465ee728b)
Start importing Assets/mamelon_hireg/Mamelon-4-Hi-Regular.otf using Guid(49cdde033aae74827a46ed5b6e544785) Importer(815301076,1909f56bfc062723c751e8b465ee728b)  -> (artifact id: 'bb4fc642c810e8edd80cfa165a505072') in 0.009444 seconds
  Import took 0.012612 seconds .

========================================================================
Received Import Request.
  Time since last request: 0.000283 seconds.
  path: Assets/mamelon_hireg/Mamelon-3.5-Hi-Regular.otf
  artifactKey: Guid(14a0d42a4974e477194705e6494d581e) Importer(815301076,1909f56bfc062723c751e8b465ee728b)
Start importing Assets/mamelon_hireg/Mamelon-3.5-Hi-Regular.otf using Guid(14a0d42a4974e477194705e6494d581e) Importer(815301076,1909f56bfc062723c751e8b465ee728b)  -> (artifact id: '53e21acf39c5aeed6360224ede28609d') in 0.009608 seconds
  Import took 0.012840 seconds .

========================================================================
Received Prepare
Refreshing native plugins compatible for Editor in 2.25 ms, found 2 plugins.
Preloading 0 native plugins for Editor in 0.00 ms.
Unloading 23 Unused Serialized files (Serialized files now loaded: 0)
System memory in use before: 128.3 MB.
System memory in use after: 127.7 MB.

Unloading 23 unused Assets to reduce memory usage. Loaded Objects now: 2306.
Total: 7.445708 ms (FindLiveObjects: 0.239792 ms CreateObjectMapping: 0.046208 ms MarkObjects: 6.802167 ms  DeleteObjects: 0.353458 ms)

========================================================================
Received Import Request.
  Time since last request: 473.621309 seconds.
  path: Assets/Scenes/Finish.unity
  artifactKey: Guid(088b143450f7d4cb99d4c47ea92c9576) Importer(815301076,1909f56bfc062723c751e8b465ee728b)
Start importing Assets/Scenes/Finish.unity using Guid(088b143450f7d4cb99d4c47ea92c9576) Importer(815301076,1909f56bfc062723c751e8b465ee728b)  -> (artifact id: '34b5c3cc3e0a97b182c253a301094a3c') in 0.006773 seconds
  Import took 0.023410 seconds .

========================================================================
Received Import Request.
  Time since last request: 3.236134 seconds.
  path: Assets/Scenes/Main.unity
  artifactKey: Guid(be8515b8cbad240b0af820b594f80638) Importer(815301076,1909f56bfc062723c751e8b465ee728b)
Start importing Assets/Scenes/Main.unity using Guid(be8515b8cbad240b0af820b594f80638) Importer(815301076,1909f56bfc062723c751e8b465ee728b)  -> (artifact id: '0596549eb76290752a9e33efe019bbca') in 0.003022 seconds
  Import took 0.009869 seconds .

========================================================================
Received Import Request.
  Time since last request: 0.755036 seconds.
  path: Assets/Scenes/Rule.unity
  artifactKey: Guid(db90e475705374b6fa9f71cfbc207431) Importer(815301076,1909f56bfc062723c751e8b465ee728b)
Start importing Assets/Scenes/Rule.unity using Guid(db90e475705374b6fa9f71cfbc207431) Importer(815301076,1909f56bfc062723c751e8b465ee728b)  -> (artifact id: '775b00de6a4390d8ed67d6adaa84d8b9') in 0.002974 seconds
  Import took 0.008743 seconds .

========================================================================
Received Import Request.
  Time since last request: 96.530358 seconds.
  path: Assets/Scenes/Main.unity
  artifactKey: Guid(be8515b8cbad240b0af820b594f80638) Importer(815301076,1909f56bfc062723c751e8b465ee728b)
Start importing Assets/Scenes/Main.unity using Guid(be8515b8cbad240b0af820b594f80638) Importer(815301076,1909f56bfc062723c751e8b465ee728b)  -> (artifact id: 'b5915f2a2bfd7f980b8a91197378d821') in 0.002201 seconds
  Import took 0.005965 seconds .

========================================================================
Received Prepare
Registering precompiled user dll's ...
Registered in 0.000981 seconds.
Begin MonoManager ReloadAssembly
Native extension for OSXStandalone target not found
Native extension for WebGL target not found
Refreshing native plugins compatible for Editor in 0.45 ms, found 2 plugins.
Preloading 0 native plugins for Editor in 0.00 ms.
Invoked RoslynAnalysisRunner static constructor.
RoslynAnalysisRunner will not be running.
RoslynAnalysisRunner has terminated.
Mono: successfully reloaded assembly
- Completed reload, in  2.326 seconds
Platform modules already initialized, skipping
Refreshing native plugins compatible for Editor in 0.40 ms, found 2 plugins.
Preloading 0 native plugins for Editor in 0.00 ms.
Unloading 1823 Unused Serialized files (Serialized files now loaded: 0)
System memory in use before: 163.4 MB.
System memory in use after: 162.8 MB.

Unloading 25 unused Assets to reduce memory usage. Loaded Objects now: 2310.
Total: 2.449833 ms (FindLiveObjects: 0.266375 ms CreateObjectMapping: 0.051584 ms MarkObjects: 1.736000 ms  DeleteObjects: 0.394375 ms)

========================================================================
Received Prepare
Registering precompiled user dll's ...
Registered in 0.001006 seconds.
Begin MonoManager ReloadAssembly
Native extension for OSXStandalone target not found
Native extension for WebGL target not found
Refreshing native plugins compatible for Editor in 0.48 ms, found 2 plugins.
Preloading 0 native plugins for Editor in 0.00 ms.
Invoked RoslynAnalysisRunner static constructor.
RoslynAnalysisRunner will not be running.
RoslynAnalysisRunner has terminated.
Mono: successfully reloaded assembly
- Completed reload, in  2.423 seconds
Platform modules already initialized, skipping
Refreshing native plugins compatible for Editor in 0.41 ms, found 2 plugins.
Preloading 0 native plugins for Editor in 0.00 ms.
Unloading 1823 Unused Serialized files (Serialized files now loaded: 0)
System memory in use before: 163.6 MB.
System memory in use after: 163.0 MB.

Unloading 25 unused Assets to reduce memory usage. Loaded Objects now: 2314.
Total: 2.426667 ms (FindLiveObjects: 0.193666 ms CreateObjectMapping: 0.047917 ms MarkObjects: 1.671792 ms  DeleteObjects: 0.511000 ms)

========================================================================
Received Prepare
Registering precompiled user dll's ...
Registered in 0.000590 seconds.
Begin MonoManager ReloadAssembly
Native extension for OSXStandalone target not found
Native extension for WebGL target not found
Refreshing native plugins compatible for Editor in 0.43 ms, found 2 plugins.
Preloading 0 native plugins for Editor in 0.00 ms.
Invoked RoslynAnalysisRunner static constructor.
RoslynAnalysisRunner will not be running.
RoslynAnalysisRunner has terminated.
Mono: successfully reloaded assembly
- Completed reload, in  2.312 seconds
Platform modules already initialized, skipping
Refreshing native plugins compatible for Editor in 0.43 ms, found 2 plugins.
Preloading 0 native plugins for Editor in 0.00 ms.
Unloading 1823 Unused Serialized files (Serialized files now loaded: 0)
System memory in use before: 163.8 MB.
System memory in use after: 163.3 MB.

Unloading 25 unused Assets to reduce memory usage. Loaded Objects now: 2318.
Total: 2.101750 ms (FindLiveObjects: 0.193667 ms CreateObjectMapping: 0.063542 ms MarkObjects: 1.435417 ms  DeleteObjects: 0.407125 ms)

========================================================================
Received Prepare
Registering precompiled user dll's ...
Registered in 0.001599 seconds.
Begin MonoManager ReloadAssembly
Native extension for OSXStandalone target not found
Native extension for WebGL target not found
Refreshing native plugins compatible for Editor in 0.45 ms, found 2 plugins.
Preloading 0 native plugins for Editor in 0.00 ms.
Invoked RoslynAnalysisRunner static constructor.
RoslynAnalysisRunner will not be running.
RoslynAnalysisRunner has terminated.
Mono: successfully reloaded assembly
- Completed reload, in  2.282 seconds
Platform modules already initialized, skipping
Refreshing native plugins compatible for Editor in 0.44 ms, found 2 plugins.
Preloading 0 native plugins for Editor in 0.00 ms.
Unloading 1823 Unused Serialized files (Serialized files now loaded: 0)
System memory in use before: 164.1 MB.
System memory in use after: 163.5 MB.

Unloading 25 unused Assets to reduce memory usage. Loaded Objects now: 2322.
Total: 2.094833 ms (FindLiveObjects: 0.159416 ms CreateObjectMapping: 0.044709 ms MarkObjects: 1.397208 ms  DeleteObjects: 0.492042 ms)

========================================================================
Received Prepare
Registering precompiled user dll's ...
Registered in 0.001796 seconds.
Begin MonoManager ReloadAssembly
Native extension for OSXStandalone target not found
Native extension for WebGL target not found
Refreshing native plugins compatible for Editor in 0.42 ms, found 2 plugins.
Preloading 0 native plugins for Editor in 0.00 ms.
Invoked RoslynAnalysisRunner static constructor.
RoslynAnalysisRunner will not be running.
RoslynAnalysisRunner has terminated.
Mono: successfully reloaded assembly
- Completed reload, in  2.120 seconds
Platform modules already initialized, skipping
Refreshing native plugins compatible for Editor in 0.38 ms, found 2 plugins.
Preloading 0 native plugins for Editor in 0.00 ms.
Unloading 1823 Unused Serialized files (Serialized files now loaded: 0)
System memory in use before: 164.4 MB.
System memory in use after: 163.8 MB.

Unloading 25 unused Assets to reduce memory usage. Loaded Objects now: 2326.
Total: 2.158459 ms (FindLiveObjects: 0.250666 ms CreateObjectMapping: 0.054875 ms MarkObjects: 1.406333 ms  DeleteObjects: 0.445417 ms)

========================================================================
Received Prepare
Registering precompiled user dll's ...
Registered in 0.001110 seconds.
Begin MonoManager ReloadAssembly
Native extension for OSXStandalone target not found
Native extension for WebGL target not found
Refreshing native plugins compatible for Editor in 0.42 ms, found 2 plugins.
Preloading 0 native plugins for Editor in 0.00 ms.
Invoked RoslynAnalysisRunner static constructor.
RoslynAnalysisRunner will not be running.
RoslynAnalysisRunner has terminated.
Mono: successfully reloaded assembly
- Completed reload, in  2.111 seconds
Platform modules already initialized, skipping
Refreshing native plugins compatible for Editor in 0.41 ms, found 2 plugins.
Preloading 0 native plugins for Editor in 0.00 ms.
Unloading 1823 Unused Serialized files (Serialized files now loaded: 0)
System memory in use before: 164.6 MB.
System memory in use after: 164.0 MB.

Unloading 25 unused Assets to reduce memory usage. Loaded Objects now: 2330.
Total: 2.069958 ms (FindLiveObjects: 0.160792 ms CreateObjectMapping: 0.044209 ms MarkObjects: 1.438666 ms  DeleteObjects: 0.425167 ms)

========================================================================
Received Prepare
Refreshing native plugins compatible for Editor in 1.24 ms, found 2 plugins.
Preloading 0 native plugins for Editor in 0.00 ms.
Unloading 23 Unused Serialized files (Serialized files now loaded: 0)
System memory in use before: 129.2 MB.
System memory in use after: 128.6 MB.

Unloading 23 unused Assets to reduce memory usage. Loaded Objects now: 2330.
Total: 11.075959 ms (FindLiveObjects: 0.328458 ms CreateObjectMapping: 0.044417 ms MarkObjects: 10.263583 ms  DeleteObjects: 0.438542 ms)

========================================================================
Received Prepare
Registering precompiled user dll's ...
Registered in 0.000629 seconds.
Begin MonoManager ReloadAssembly
Native extension for OSXStandalone target not found
Native extension for WebGL target not found
Refreshing native plugins compatible for Editor in 0.42 ms, found 2 plugins.
Preloading 0 native plugins for Editor in 0.00 ms.
Invoked RoslynAnalysisRunner static constructor.
RoslynAnalysisRunner will not be running.
RoslynAnalysisRunner has terminated.
Mono: successfully reloaded assembly
- Completed reload, in  2.198 seconds
Platform modules already initialized, skipping
Refreshing native plugins compatible for Editor in 0.37 ms, found 2 plugins.
Preloading 0 native plugins for Editor in 0.00 ms.
Unloading 1823 Unused Serialized files (Serialized files now loaded: 0)
System memory in use before: 164.8 MB.
System memory in use after: 164.2 MB.

Unloading 25 unused Assets to reduce memory usage. Loaded Objects now: 2334.
Total: 2.202750 ms (FindLiveObjects: 0.189000 ms CreateObjectMapping: 0.044292 ms MarkObjects: 1.576583 ms  DeleteObjects: 0.391375 ms)

========================================================================
Received Import Request.
  Time since last request: 1251.774375 seconds.
  path: Assets/Scenes/Finish.unity
  artifactKey: Guid(088b143450f7d4cb99d4c47ea92c9576) Importer(815301076,1909f56bfc062723c751e8b465ee728b)
Start importing Assets/Scenes/Finish.unity using Guid(088b143450f7d4cb99d4c47ea92c9576) Importer(815301076,1909f56bfc062723c751e8b465ee728b)  -> (artifact id: 'b27ab59bdb269823865a88a12feea9cb') in 0.023613 seconds
  Import took 0.029908 seconds .

========================================================================
Received Import Request.
  Time since last request: 13.328323 seconds.
  path: Assets/Scenes/Start.unity
  artifactKey: Guid(aacfb3b13a5074163bd86438088144c1) Importer(815301076,1909f56bfc062723c751e8b465ee728b)
Start importing Assets/Scenes/Start.unity using Guid(aacfb3b13a5074163bd86438088144c1) Importer(815301076,1909f56bfc062723c751e8b465ee728b)  -> (artifact id: 'b83c23be767969e0b31bb043febb2e0c') in 0.004056 seconds
  Import took 0.009395 seconds .

========================================================================
Received Prepare
Refreshing native plugins compatible for Editor in 2.43 ms, found 2 plugins.
Preloading 0 native plugins for Editor in 0.00 ms.
Unloading 23 Unused Serialized files (Serialized files now loaded: 0)
System memory in use before: 129.5 MB.
System memory in use after: 128.9 MB.

Unloading 23 unused Assets to reduce memory usage. Loaded Objects now: 2334.
Total: 2.279625 ms (FindLiveObjects: 0.129500 ms CreateObjectMapping: 0.043917 ms MarkObjects: 1.746208 ms  DeleteObjects: 0.359209 ms)

========================================================================
Received Import Request.
  Time since last request: 96883.531212 seconds.
  path: Assets/Scenes/Finish.unity
  artifactKey: Guid(088b143450f7d4cb99d4c47ea92c9576) Importer(815301076,1909f56bfc062723c751e8b465ee728b)
Start importing Assets/Scenes/Finish.unity using Guid(088b143450f7d4cb99d4c47ea92c9576) Importer(815301076,1909f56bfc062723c751e8b465ee728b)  -> (artifact id: '9c1f27520e1712135df11fd90f647ee5') in 0.017536 seconds
  Import took 0.056791 seconds .

========================================================================
Received Prepare
Registering precompiled user dll's ...
Registered in 0.001428 seconds.
Begin MonoManager ReloadAssembly
Native extension for OSXStandalone target not found
Native extension for WebGL target not found
Refreshing native plugins compatible for Editor in 0.41 ms, found 2 plugins.
Preloading 0 native plugins for Editor in 0.00 ms.
Invoked RoslynAnalysisRunner static constructor.
RoslynAnalysisRunner will not be running.
RoslynAnalysisRunner has terminated.
Mono: successfully reloaded assembly
- Completed reload, in  2.223 seconds
Platform modules already initialized, skipping
Refreshing native plugins compatible for Editor in 0.37 ms, found 2 plugins.
Preloading 0 native plugins for Editor in 0.00 ms.
Unloading 1823 Unused Serialized files (Serialized files now loaded: 0)
System memory in use before: 167.7 MB.
System memory in use after: 167.1 MB.

Unloading 25 unused Assets to reduce memory usage. Loaded Objects now: 2338.
Total: 2.279833 ms (FindLiveObjects: 0.224083 ms CreateObjectMapping: 0.045083 ms MarkObjects: 1.572208 ms  DeleteObjects: 0.435500 ms)

========================================================================
Received Prepare
Registering precompiled user dll's ...
Registered in 0.001597 seconds.
Begin MonoManager ReloadAssembly
Native extension for OSXStandalone target not found
Native extension for WebGL target not found
Refreshing native plugins compatible for Editor in 0.42 ms, found 2 plugins.
Preloading 0 native plugins for Editor in 0.00 ms.
Invoked RoslynAnalysisRunner static constructor.
RoslynAnalysisRunner will not be running.
RoslynAnalysisRunner has terminated.
Mono: successfully reloaded assembly
- Completed reload, in  2.352 seconds
Platform modules already initialized, skipping
Refreshing native plugins compatible for Editor in 0.42 ms, found 2 plugins.
Preloading 0 native plugins for Editor in 0.00 ms.
Unloading 1823 Unused Serialized files (Serialized files now loaded: 0)
System memory in use before: 168.2 MB.
System memory in use after: 167.6 MB.

Unloading 25 unused Assets to reduce memory usage. Loaded Objects now: 2342.
Total: 4.471958 ms (FindLiveObjects: 0.552667 ms CreateObjectMapping: 0.045375 ms MarkObjects: 3.334917 ms  DeleteObjects: 0.536250 ms)

========================================================================
Received Prepare
Registering precompiled user dll's ...
Registered in 0.001329 seconds.
Begin MonoManager ReloadAssembly
Native extension for OSXStandalone target not found
Native extension for WebGL target not found
Refreshing native plugins compatible for Editor in 0.40 ms, found 2 plugins.
Preloading 0 native plugins for Editor in 0.00 ms.
Invoked RoslynAnalysisRunner static constructor.
RoslynAnalysisRunner will not be running.
RoslynAnalysisRunner has terminated.
Mono: successfully reloaded assembly
- Completed reload, in  2.215 seconds
Platform modules already initialized, skipping
Refreshing native plugins compatible for Editor in 0.37 ms, found 2 plugins.
Preloading 0 native plugins for Editor in 0.00 ms.
Unloading 1823 Unused Serialized files (Serialized files now loaded: 0)
System memory in use before: 168.8 MB.
System memory in use after: 168.2 MB.

Unloading 25 unused Assets to reduce memory usage. Loaded Objects now: 2346.
Total: 2.256125 ms (FindLiveObjects: 0.292458 ms CreateObjectMapping: 0.061125 ms MarkObjects: 1.492750 ms  DeleteObjects: 0.408292 ms)

========================================================================
Received Prepare
Registering precompiled user dll's ...
Registered in 0.001603 seconds.
Begin MonoManager ReloadAssembly
Native extension for OSXStandalone target not found
Native extension for WebGL target not found
Refreshing native plugins compatible for Editor in 0.42 ms, found 2 plugins.
Preloading 0 native plugins for Editor in 0.00 ms.
Invoked RoslynAnalysisRunner static constructor.
RoslynAnalysisRunner will not be running.
RoslynAnalysisRunner has terminated.
Mono: successfully reloaded assembly
- Completed reload, in  2.593 seconds
Platform modules already initialized, skipping
Refreshing native plugins compatible for Editor in 0.39 ms, found 2 plugins.
Preloading 0 native plugins for Editor in 0.00 ms.
Unloading 1823 Unused Serialized files (Serialized files now loaded: 0)
System memory in use before: 170.4 MB.
System memory in use after: 169.8 MB.

Unloading 25 unused Assets to reduce memory usage. Loaded Objects now: 2350.
Total: 3.728917 ms (FindLiveObjects: 0.452667 ms CreateObjectMapping: 0.045625 ms MarkObjects: 2.789583 ms  DeleteObjects: 0.438917 ms)

========================================================================
Received Prepare
Registering precompiled user dll's ...
Registered in 0.001410 seconds.
Begin MonoManager ReloadAssembly
Native extension for OSXStandalone target not found
Native extension for WebGL target not found
Refreshing native plugins compatible for Editor in 0.45 ms, found 2 plugins.
Preloading 0 native plugins for Editor in 0.00 ms.
Invoked RoslynAnalysisRunner static constructor.
RoslynAnalysisRunner will not be running.
RoslynAnalysisRunner has terminated.
Mono: successfully reloaded assembly
- Completed reload, in  2.307 seconds
Platform modules already initialized, skipping
Refreshing native plugins compatible for Editor in 0.40 ms, found 2 plugins.
Preloading 0 native plugins for Editor in 0.00 ms.
Unloading 1823 Unused Serialized files (Serialized files now loaded: 0)
System memory in use before: 171.6 MB.
System memory in use after: 171.0 MB.

Unloading 25 unused Assets to reduce memory usage. Loaded Objects now: 2354.
Total: 2.296167 ms (FindLiveObjects: 0.241750 ms CreateObjectMapping: 0.044583 ms MarkObjects: 1.515250 ms  DeleteObjects: 0.493208 ms)

========================================================================
Received Prepare
Registering precompiled user dll's ...
Registered in 0.001242 seconds.
Begin MonoManager ReloadAssembly
Native extension for OSXStandalone target not found
Native extension for WebGL target not found
Refreshing native plugins compatible for Editor in 0.41 ms, found 2 plugins.
Preloading 0 native plugins for Editor in 0.00 ms.
Invoked RoslynAnalysisRunner static constructor.
RoslynAnalysisRunner will not be running.
RoslynAnalysisRunner has terminated.
Mono: successfully reloaded assembly
- Completed reload, in  2.225 seconds
Platform modules already initialized, skipping
Refreshing native plugins compatible for Editor in 0.61 ms, found 2 plugins.
Preloading 0 native plugins for Editor in 0.00 ms.
Unloading 1823 Unused Serialized files (Serialized files now loaded: 0)
System memory in use before: 172.9 MB.
System memory in use after: 172.3 MB.

Unloading 25 unused Assets to reduce memory usage. Loaded Objects now: 2358.
Total: 3.703291 ms (FindLiveObjects: 0.537333 ms CreateObjectMapping: 0.048000 ms MarkObjects: 2.651375 ms  DeleteObjects: 0.464541 ms)

